<?xml version="1.0" encoding="UTF-8"?>
<testng-results skipped="0" failed="0" total="1" passed="1">
  <reporter-output>
  </reporter-output>
  <suite name="Default suite" duration-ms="43" started-at="2014-05-19T16:50:49Z" finished-at="2014-05-19T16:50:49Z">
    <groups>
    </groups>
    <test name="Default test" duration-ms="43" started-at="2014-05-19T16:50:49Z" finished-at="2014-05-19T16:50:49Z">
      <class name="org.springframework.security.crypto.bcrypt.PassTest">
        <test-method status="PASS" signature="create()[pri:0, instance:null(org.springframework.security.crypto.bcrypt.PassTest)]" name="create" duration-ms="30" started-at="2014-05-19T18:50:49Z" finished-at="2014-05-19T18:50:49Z">
          <reporter-output>
          </reporter-output>
        </test-method> <!-- create -->
      </class> <!-- org.springframework.security.crypto.bcrypt.PassTest -->
    </test> <!-- Default test -->
  </suite> <!-- Default suite -->
</testng-results>
